DEPRECATION WARNING: config.action_view.debug_rjs will be removed in 3.1, from 3.1 onwards you will need to install prototype-rails to continue to use RJS templates . (called from service at /System/Library/Frameworks/Ruby.framework/Versions/1.8/usr/lib/ruby/1.8/webrick/httpserver.rb:104)
DEPRECATION WARNING: config.action_view.debug_rjs will be removed in 3.1, from 3.1 onwards you will need to install prototype-rails to continue to use RJS templates . (called from /Users/cmckenna/Documents/EmployTown/EmployTown/config/environment.rb:5)
DEPRECATION WARNING: config.action_view.debug_rjs will be removed in 3.1, from 3.1 onwards you will need to install prototype-rails to continue to use RJS templates . (called from /Users/cmckenna/Documents/EmployTown/EmployTown/config/environment.rb:5)
  [1m[36mSQL (0.4ms)[0m  [1m SELECT name
 FROM sqlite_master
 WHERE type = 'table' AND NOT name = 'sqlite_sequence'
[0m
  [1m[35mSQL (0.1ms)[0m  select sqlite_version(*)
  [1m[36mSQL (3.1ms)[0m  [1mCREATE TABLE "schema_migrations" ("version" varchar(255) NOT NULL) [0m
  [1m[35mSQL (0.1ms)[0m  PRAGMA index_list("schema_migrations")
  [1m[36mSQL (2.6ms)[0m  [1mCREATE UNIQUE INDEX "unique_schema_migrations" ON "schema_migrations" ("version")[0m
  [1m[35mSQL (0.3ms)[0m   SELECT name
 FROM sqlite_master
 WHERE type = 'table' AND NOT name = 'sqlite_sequence'
  [1m[36mSQL (0.2ms)[0m  [1m SELECT name
 FROM sqlite_master
 WHERE type = 'table' AND NOT name = 'sqlite_sequence'
[0m
  [1m[35mSQL (0.1ms)[0m  SELECT "schema_migrations"."version" FROM "schema_migrations"
Migrating to SorceryCore (20111004201303)
  [1m[36mSQL (0.7ms)[0m  [1mCREATE TABLE "users" ("id" INTEGER PRIMARY KEY AUTOINCREMENT NOT NULL, "email" varchar(255) NOT NULL, "crypted_password" varchar(255), "salt" varchar(255), "user_url" varchar(255), "first_name" varchar(255), "last_name" varchar(255), "seeking" varchar(255), "created_at" datetime, "updated_at" datetime) [0m
  [1m[35mSQL (0.2ms)[0m  INSERT INTO "schema_migrations" ("version") VALUES ('20111004201303')
Migrating to SorceryRememberMe (20111004201304)
  [1m[36mSQL (1.1ms)[0m  [1mALTER TABLE "users" ADD "remember_me_token" varchar(255) DEFAULT NULL[0m
  [1m[35mSQL (0.3ms)[0m  ALTER TABLE "users" ADD "remember_me_token_expires_at" datetime DEFAULT NULL
  [1m[36mSQL (0.0ms)[0m  [1mPRAGMA index_list("users")[0m
  [1m[35mSQL (0.1ms)[0m  CREATE INDEX "index_users_on_remember_me_token" ON "users" ("remember_me_token")
  [1m[36mSQL (0.1ms)[0m  [1mINSERT INTO "schema_migrations" ("version") VALUES ('20111004201304')[0m
  [1m[35mSQL (0.3ms)[0m   SELECT name
 FROM sqlite_master
 WHERE type = 'table' AND NOT name = 'sqlite_sequence'
  [1m[36mSQL (0.1ms)[0m  [1mSELECT "schema_migrations"."version" FROM "schema_migrations"[0m
  [1m[35mSQL (0.1ms)[0m   SELECT name
 FROM sqlite_master
 WHERE type = 'table' AND NOT name = 'sqlite_sequence'
  [1m[36mSQL (0.1ms)[0m  [1mPRAGMA index_list("users")[0m
  [1m[35mSQL (0.1ms)[0m  PRAGMA index_info('index_users_on_remember_me_token')
DEPRECATION WARNING: config.action_view.debug_rjs will be removed in 3.1, from 3.1 onwards you will need to install prototype-rails to continue to use RJS templates . (called from /Users/cmckenna/Documents/EmployTown/EmployTown/config/environment.rb:5)
DEPRECATION WARNING: config.action_view.debug_rjs will be removed in 3.1, from 3.1 onwards you will need to install prototype-rails to continue to use RJS templates . (called from /Users/cmckenna/Documents/EmployTown/EmployTown/config/environment.rb:5)
DEPRECATION WARNING: config.action_view.debug_rjs will be removed in 3.1, from 3.1 onwards you will need to install prototype-rails to continue to use RJS templates . (called from /Users/cmckenna/Documents/EmployTown/EmployTown/config/environment.rb:5)
DEPRECATION WARNING: config.action_view.debug_rjs will be removed in 3.1, from 3.1 onwards you will need to install prototype-rails to continue to use RJS templates . (called from /Users/cmckenna/Documents/EmployTown/EmployTown/config/environment.rb:5)


Started GET "/users" for 127.0.0.1 at Tue Oct 04 14:58:23 -0600 2011

AbstractController::ActionNotFound (The action 'index' could not be found for UsersController):
  

Rendered /Library/Ruby/Gems/1.8/gems/actionpack-3.0.9/lib/action_dispatch/middleware/templates/rescues/unknown_action.erb within rescues/layout (0.7ms)


Started GET "/users/new" for 127.0.0.1 at Tue Oct 04 14:58:27 -0600 2011
  Processing by UsersController#new as HTML
Rendered users/new.html.haml within layouts/application (0.6ms)
Completed 500 Internal Server Error in 46ms

ActionView::Template::Error (Illegal nesting: content can't be both given on the same line as %h2 and nested within it.):
    1: %h2 Create a New Username
    2:   - render :partial => 'form'
  app/views/users/new.html.haml:2

Rendered /Library/Ruby/Gems/1.8/gems/actionpack-3.0.9/lib/action_dispatch/middleware/templates/rescues/_trace.erb (1.5ms)
Rendered /Library/Ruby/Gems/1.8/gems/actionpack-3.0.9/lib/action_dispatch/middleware/templates/rescues/_request_and_response.erb (12.4ms)
Rendered /Library/Ruby/Gems/1.8/gems/actionpack-3.0.9/lib/action_dispatch/middleware/templates/rescues/template_error.erb within rescues/layout (20.8ms)


Started GET "/users/new" for 127.0.0.1 at Tue Oct 04 14:59:00 -0600 2011
  Processing by UsersController#new as HTML
DEPRECATION WARNING: f.error_messages was removed from Rails and is now available as a plugin. Please install it with `rails plugin install git://github.com/rails/dynamic_form.git`. (called from _app_views_users__form_html_haml__2042490177_2166739080_904990 at /Users/cmckenna/Documents/EmployTown/EmployTown/app/views/users/_form.html.haml:2)
DEPRECATION WARNING: - style block helpers are deprecated. Please use =. (called from _app_views_users__form_html_haml__2042490177_2166739080_904990 at /Users/cmckenna/Documents/EmployTown/EmployTown/app/views/users/_form.html.haml:1)
Rendered users/_form.html.haml (94.5ms)
Rendered users/new.html.haml within layouts/application (100.7ms)
Completed 200 OK in 199ms (Views: 108.2ms | ActiveRecord: 0.0ms)


Started GET "/users/new" for 127.0.0.1 at Tue Oct 04 14:59:54 -0600 2011
  Processing by UsersController#new as HTML
DEPRECATION WARNING: f.error_messages was removed from Rails and is now available as a plugin. Please install it with `rails plugin install git://github.com/rails/dynamic_form.git`. (called from _app_views_users__form_html_haml__2042490177_2164301120_904990 at /Users/cmckenna/Documents/EmployTown/EmployTown/app/views/users/_form.html.haml:2)
DEPRECATION WARNING: - style block helpers are deprecated. Please use =. (called from _app_views_users__form_html_haml__2042490177_2164301120_904990 at /Users/cmckenna/Documents/EmployTown/EmployTown/app/views/users/_form.html.haml:1)
Rendered users/_form.html.haml (20.3ms)
Rendered users/new.html.haml within layouts/application (99.0ms)
Completed 200 OK in 115ms (Views: 106.7ms | ActiveRecord: 0.0ms)


Started GET "/users/new" for 127.0.0.1 at Tue Oct 04 15:02:27 -0600 2011
  Processing by UsersController#new as HTML
DEPRECATION WARNING: f.error_messages was removed from Rails and is now available as a plugin. Please install it with `rails plugin install git://github.com/rails/dynamic_form.git`. (called from _app_views_users__form_html_haml__2042490177_2165150900_904990 at /Users/cmckenna/Documents/EmployTown/EmployTown/app/views/users/_form.html.haml:2)
DEPRECATION WARNING: - style block helpers are deprecated. Please use =. (called from _app_views_users__form_html_haml__2042490177_2165150900_904990 at /Users/cmckenna/Documents/EmployTown/EmployTown/app/views/users/_form.html.haml:1)
Rendered users/_form.html.haml (23.6ms)
Rendered users/new.html.haml within layouts/application (28.5ms)
Completed 200 OK in 48ms (Views: 37.2ms | ActiveRecord: 0.0ms)


Started GET "/users/new" for 127.0.0.1 at Tue Oct 04 15:04:25 -0600 2011
  Processing by UsersController#new as HTML
DEPRECATION WARNING: - style block helpers are deprecated. Please use =. (called from _app_views_users__form_html_haml__2042490177_2165627440_904990 at /Users/cmckenna/Documents/EmployTown/EmployTown/app/views/users/_form.html.haml:1)
Rendered users/_form.html.haml (23.1ms)
Rendered users/new.html.haml within layouts/application (27.8ms)
Completed 200 OK in 45ms (Views: 35.2ms | ActiveRecord: 0.0ms)


Started POST "/users" for 127.0.0.1 at Tue Oct 04 15:04:48 -0600 2011
  Processing by UsersController#create as HTML
  Parameters: {"commit"=>"Create User", "authenticity_token"=>"cV5HhOtcEOuSCYK6Q7mOLprLMBTApDocmmrseKFnJFQ=", "utf8"=>"\342\234\223", "user"=>{"seeking"=>"Job", "password_confirmation"=>"[FILTERED]", "user_url"=>"chad.mckenna", "last_name"=>"McKenna", "password"=>"[FILTERED]", "email"=>"chad.mckenna@gmail.com", "first_name"=>"Chad"}}
WARNING: Can't mass-assign protected attributes: seeking, user_url, last_name, first_name
  [1m[36mSQL (0.2ms)[0m  [1mSELECT 1 FROM "users" WHERE ("users"."email" = 'chad.mckenna@gmail.com') LIMIT 1[0m
  [1m[35mSQL (0.2ms)[0m   SELECT name
 FROM sqlite_master
 WHERE type = 'table' AND NOT name = 'sqlite_sequence'
  [1m[36mAREL (0.7ms)[0m  [1mINSERT INTO "users" ("crypted_password", "seeking", "last_name", "updated_at", "salt", "remember_me_token", "user_url", "created_at", "first_name", "remember_me_token_expires_at", "email") VALUES ('$2a$10$7OXV6UIk9a2kYMRwDWtykuUqp6Ww5.Nk/n1AtulqyyNLdb8BqIM5O', NULL, NULL, '2011-10-04 21:04:49.047387', '5a66495c16c6c21abd1552931fa7890e5bc6a559', NULL, NULL, '2011-10-04 21:04:49.047387', NULL, NULL, 'chad.mckenna@gmail.com')[0m
Completed 500 Internal Server Error in 485ms

NameError (undefined local variable or method `root_url' for #<UsersController:0x101f21a00>):
  app/controllers/users_controller.rb:9:in `create'

Rendered /Library/Ruby/Gems/1.8/gems/actionpack-3.0.9/lib/action_dispatch/middleware/templates/rescues/_trace.erb (1.1ms)
Rendered /Library/Ruby/Gems/1.8/gems/actionpack-3.0.9/lib/action_dispatch/middleware/templates/rescues/_request_and_response.erb (8.0ms)
Rendered /Library/Ruby/Gems/1.8/gems/actionpack-3.0.9/lib/action_dispatch/middleware/templates/rescues/diagnostics.erb within rescues/layout (14.4ms)


Started POST "/users" for 127.0.0.1 at Tue Oct 04 15:13:38 -0600 2011

NameError (undefined local variable or method `map' for #<ActionDispatch::Routing::Mapper:0x101ec0a98>):
  config/routes.rb:2
  config/routes.rb:1

Rendered /Library/Ruby/Gems/1.8/gems/actionpack-3.0.9/lib/action_dispatch/middleware/templates/rescues/_trace.erb (1.1ms)
Rendered /Library/Ruby/Gems/1.8/gems/actionpack-3.0.9/lib/action_dispatch/middleware/templates/rescues/_request_and_response.erb (3.1ms)
Rendered /Library/Ruby/Gems/1.8/gems/actionpack-3.0.9/lib/action_dispatch/middleware/templates/rescues/diagnostics.erb within rescues/layout (9.9ms)


Started POST "/users" for 127.0.0.1 at Tue Oct 04 15:13:59 -0600 2011

LoadError (Expected /Users/cmckenna/Documents/EmployTown/EmployTown/app/helpers/home_helper.rb to define HomeHelper):
  app/controllers/application_controller.rb:1
  app/controllers/users_controller.rb:1

Rendered /Library/Ruby/Gems/1.8/gems/actionpack-3.0.9/lib/action_dispatch/middleware/templates/rescues/_trace.erb (1.1ms)
Rendered /Library/Ruby/Gems/1.8/gems/actionpack-3.0.9/lib/action_dispatch/middleware/templates/rescues/_request_and_response.erb (3.9ms)
Rendered /Library/Ruby/Gems/1.8/gems/actionpack-3.0.9/lib/action_dispatch/middleware/templates/rescues/diagnostics.erb within rescues/layout (10.5ms)


Started POST "/users" for 127.0.0.1 at Tue Oct 04 15:14:32 -0600 2011
  Processing by UsersController#create as HTML
  Parameters: {"commit"=>"Create User", "authenticity_token"=>"cV5HhOtcEOuSCYK6Q7mOLprLMBTApDocmmrseKFnJFQ=", "utf8"=>"\342\234\223", "user"=>{"seeking"=>"Job", "password_confirmation"=>"[FILTERED]", "user_url"=>"chad.mckenna", "last_name"=>"McKenna", "password"=>"[FILTERED]", "email"=>"chad.mckenna@gmail.com", "first_name"=>"Chad"}}
WARNING: Can't mass-assign protected attributes: seeking, user_url, last_name, first_name
  [1m[35mSQL (0.2ms)[0m  SELECT 1 FROM "users" WHERE ("users"."email" = 'chad.mckenna@gmail.com') LIMIT 1
DEPRECATION WARNING: - style block helpers are deprecated. Please use =. (called from _app_views_users__form_html_haml__2042490177_2164643200_904990 at /Users/cmckenna/Documents/EmployTown/EmployTown/app/views/users/_form.html.haml:1)
Rendered users/_form.html.haml (18.6ms)
Rendered users/new.html.haml within layouts/application (23.5ms)
Completed 200 OK in 51ms (Views: 31.6ms | ActiveRecord: 0.2ms)


Started GET "/home" for 127.0.0.1 at Tue Oct 04 15:14:41 -0600 2011

ActionController::RoutingError (No route matches "/home"):
  

Rendered /Library/Ruby/Gems/1.8/gems/actionpack-3.0.9/lib/action_dispatch/middleware/templates/rescues/routing_error.erb within rescues/layout (0.8ms)
DEPRECATION WARNING: config.action_view.debug_rjs will be removed in 3.1, from 3.1 onwards you will need to install prototype-rails to continue to use RJS templates . (called from /Users/cmckenna/Documents/EmployTown/EmployTown/config/environment.rb:5)


Started GET "/home" for 127.0.0.1 at Tue Oct 04 15:14:57 -0600 2011

ActionController::RoutingError (No route matches "/home"):
  

Rendered /Library/Ruby/Gems/1.8/gems/actionpack-3.0.9/lib/action_dispatch/middleware/templates/rescues/routing_error.erb within rescues/layout (0.9ms)


Started GET "/home" for 127.0.0.1 at Tue Oct 04 15:15:01 -0600 2011

ActionController::RoutingError (No route matches "/home"):
  

Rendered /Library/Ruby/Gems/1.8/gems/actionpack-3.0.9/lib/action_dispatch/middleware/templates/rescues/routing_error.erb within rescues/layout (0.9ms)


Started GET "/homes" for 127.0.0.1 at Tue Oct 04 15:15:06 -0600 2011

ActionController::RoutingError (uninitialized constant HomesController):
  

Rendered /Library/Ruby/Gems/1.8/gems/actionpack-3.0.9/lib/action_dispatch/middleware/templates/rescues/routing_error.erb within rescues/layout (0.9ms)


Started GET "/" for 127.0.0.1 at Wed Oct 05 10:25:36 -0600 2011
  Processing by HomeController#index as HTML
Rendered home/index.html.haml within layouts/application (2.9ms)
Completed 200 OK in 53ms (Views: 52.4ms | ActiveRecord: 0.0ms)


Started GET "/" for 127.0.0.1 at Wed Oct 05 10:26:34 -0600 2011
  Processing by HomeController#index as HTML
Rendered home/index.html.haml within layouts/application (5.5ms)
Completed 200 OK in 89ms (Views: 13.0ms | ActiveRecord: 0.0ms)


Started GET "/login" for 127.0.0.1 at Wed Oct 05 10:26:37 -0600 2011
  Processing by SessionsController#new as HTML
Rendered sessions/new.html.haml within layouts/application (7.1ms)
Completed 200 OK in 20ms (Views: 19.3ms | ActiveRecord: 0.0ms)


Started POST "/sessions" for 127.0.0.1 at Wed Oct 05 10:26:48 -0600 2011
  Processing by SessionsController#create as HTML
  Parameters: {"commit"=>"Log In", "remember_me"=>"1", "authenticity_token"=>"sU8z78DSd4j1AYSzbJ1tYiqmKHL0Dy9eUBp0kwuglMk=", "utf8"=>"\342\234\223", "password"=>"[FILTERED]", "email"=>"cmckenna@mines.edu"}
  [1m[36mUser Load (15.0ms)[0m  [1mSELECT "users".* FROM "users" WHERE (email = 'cmckenna@mines.edu') LIMIT 1[0m
Rendered sessions/new.html.haml within layouts/application (6.6ms)
Completed 200 OK in 552ms (Views: 14.8ms | ActiveRecord: 15.0ms)


Started GET "/signup" for 127.0.0.1 at Wed Oct 05 10:27:03 -0600 2011
  Processing by UsersController#new as HTML
DEPRECATION WARNING: - style block helpers are deprecated. Please use =. (called from _app_views_users__form_html_haml__2042490177_2233967900_904990 at /Users/cmckenna/Documents/EmployTown/EmployTown/app/views/users/_form.html.haml:1)
Rendered users/_form.html.haml (106.6ms)
Rendered users/new.html.haml within layouts/application (124.9ms)
Completed 200 OK in 149ms (Views: 139.1ms | ActiveRecord: 0.0ms)


Started GET "/login" for 127.0.0.1 at Wed Oct 05 10:27:10 -0600 2011
  Processing by SessionsController#new as HTML
Rendered sessions/new.html.haml within layouts/application (6.3ms)
Completed 200 OK in 18ms (Views: 17.2ms | ActiveRecord: 0.0ms)


Started POST "/sessions" for 127.0.0.1 at Wed Oct 05 10:27:20 -0600 2011
  Processing by SessionsController#create as HTML
  Parameters: {"commit"=>"Log In", "authenticity_token"=>"sU8z78DSd4j1AYSzbJ1tYiqmKHL0Dy9eUBp0kwuglMk=", "utf8"=>"\342\234\223", "password"=>"[FILTERED]", "email"=>"chad.mckenna@gmail.com"}
  [1m[35mUser Load (0.5ms)[0m  SELECT "users".* FROM "users" WHERE (email = 'chad.mckenna@gmail.com') LIMIT 1
Redirected to http://localhost:3000/
Completed 302 Found in 290ms


Started GET "/" for 127.0.0.1 at Wed Oct 05 10:27:20 -0600 2011
  Processing by HomeController#index as HTML
Rendered home/index.html.haml within layouts/application (4.7ms)
Completed 200 OK in 13ms (Views: 12.8ms | ActiveRecord: 0.5ms)


Started GET "/secret" for 127.0.0.1 at Wed Oct 05 10:27:27 -0600 2011

ActionController::RoutingError (No route matches "/secret"):
  

Rendered /Library/Ruby/Gems/1.8/gems/actionpack-3.0.9/lib/action_dispatch/middleware/templates/rescues/routing_error.erb within rescues/layout (1.3ms)


Started GET "/home/secret" for 127.0.0.1 at Wed Oct 05 10:27:41 -0600 2011

ActionController::RoutingError (No route matches "/home/secret"):
  

Rendered /Library/Ruby/Gems/1.8/gems/actionpack-3.0.9/lib/action_dispatch/middleware/templates/rescues/routing_error.erb within rescues/layout (1.6ms)


Started GET "/homes/secret" for 127.0.0.1 at Wed Oct 05 10:27:49 -0600 2011

ActionController::RoutingError (uninitialized constant HomesController):
  

Rendered /Library/Ruby/Gems/1.8/gems/actionpack-3.0.9/lib/action_dispatch/middleware/templates/rescues/routing_error.erb within rescues/layout (1.2ms)


Started GET "/homes/secret" for 127.0.0.1 at Wed Oct 05 10:28:09 -0600 2011

ActionController::RoutingError (uninitialized constant HomesController):
  

Rendered /Library/Ruby/Gems/1.8/gems/actionpack-3.0.9/lib/action_dispatch/middleware/templates/rescues/routing_error.erb within rescues/layout (0.8ms)


Started GET "/homes/secret" for 127.0.0.1 at Wed Oct 05 10:28:26 -0600 2011

ActionController::RoutingError (No route matches "/homes/secret"):
  

Rendered /Library/Ruby/Gems/1.8/gems/actionpack-3.0.9/lib/action_dispatch/middleware/templates/rescues/routing_error.erb within rescues/layout (1.3ms)


Started GET "/home/secret" for 127.0.0.1 at Wed Oct 05 10:28:35 -0600 2011

LoadError (Expected /Users/cmckenna/Documents/EmployTown/EmployTown/app/controllers/home_controller.rb to define HomeController):
  

Rendered /Library/Ruby/Gems/1.8/gems/actionpack-3.0.9/lib/action_dispatch/middleware/templates/rescues/_trace.erb (1.5ms)
Rendered /Library/Ruby/Gems/1.8/gems/actionpack-3.0.9/lib/action_dispatch/middleware/templates/rescues/_request_and_response.erb (2.2ms)
Rendered /Library/Ruby/Gems/1.8/gems/actionpack-3.0.9/lib/action_dispatch/middleware/templates/rescues/diagnostics.erb within rescues/layout (12.3ms)


Started GET "/home/secret" for 127.0.0.1 at Wed Oct 05 10:28:45 -0600 2011

AbstractController::ActionNotFound (The action 'show' could not be found for HomeController):
  

Rendered /Library/Ruby/Gems/1.8/gems/actionpack-3.0.9/lib/action_dispatch/middleware/templates/rescues/unknown_action.erb within rescues/layout (0.6ms)


Started GET "/secret" for 127.0.0.1 at Wed Oct 05 10:29:18 -0600 2011

ActionController::RoutingError (No route matches "/secret"):
  

Rendered /Library/Ruby/Gems/1.8/gems/actionpack-3.0.9/lib/action_dispatch/middleware/templates/rescues/routing_error.erb within rescues/layout (0.9ms)


Started GET "/home/secret" for 127.0.0.1 at Wed Oct 05 10:29:29 -0600 2011

AbstractController::ActionNotFound (The action 'show' could not be found for HomeController):
  

Rendered /Library/Ruby/Gems/1.8/gems/actionpack-3.0.9/lib/action_dispatch/middleware/templates/rescues/unknown_action.erb within rescues/layout (0.6ms)


Started GET "/home/secret" for 127.0.0.1 at Wed Oct 05 10:29:56 -0600 2011
  Processing by HomeController#secret as HTML
Rendered home/secret.html.haml within layouts/application (4.0ms)
Completed 200 OK in 30ms (Views: 29.7ms | ActiveRecord: 0.0ms)


Started GET "/home/secret" for 127.0.0.1 at Wed Oct 05 10:30:32 -0600 2011
  Processing by HomeController#secret as HTML
Rendered home/secret.html.haml within layouts/application (83.0ms)
Completed 200 OK in 92ms (Views: 90.8ms | ActiveRecord: 0.0ms)


Started GET "/logout" for 127.0.0.1 at Wed Oct 05 10:30:34 -0600 2011
  Processing by SessionsController#destroy as HTML
  [1m[36mSQL (0.5ms)[0m  [1m SELECT name
 FROM sqlite_master
 WHERE type = 'table' AND NOT name = 'sqlite_sequence'
[0m
  [1m[35mUser Load (0.4ms)[0m  SELECT "users".* FROM "users" WHERE "users"."id" = 1 LIMIT 1
Redirected to http://localhost:3000/
Completed 302 Found in 106ms


Started GET "/" for 127.0.0.1 at Wed Oct 05 10:30:34 -0600 2011
  Processing by HomeController#index as HTML
Rendered home/index.html.haml within layouts/application (3.9ms)
Completed 200 OK in 13ms (Views: 12.1ms | ActiveRecord: 1.0ms)


Started GET "/home/secret" for 127.0.0.1 at Wed Oct 05 10:30:40 -0600 2011
  Processing by HomeController#secret as HTML
Rendered home/secret.html.haml within layouts/application (3.9ms)
Completed 200 OK in 12ms (Views: 11.7ms | ActiveRecord: 0.0ms)


Started GET "/home/secret" for 127.0.0.1 at Wed Oct 05 10:31:27 -0600 2011
  Processing by HomeController#secret as HTML
Redirected to http://localhost:3000/login
Completed 302 Found in 2ms


Started GET "/login" for 127.0.0.1 at Wed Oct 05 10:31:28 -0600 2011
  Processing by SessionsController#new as HTML
Rendered sessions/new.html.haml within layouts/application (7.6ms)
Completed 200 OK in 20ms (Views: 19.8ms | ActiveRecord: 0.0ms)


Started POST "/sessions" for 127.0.0.1 at Wed Oct 05 10:31:36 -0600 2011
  Processing by SessionsController#create as HTML
  Parameters: {"commit"=>"Log In", "authenticity_token"=>"JOGZAGVpQcZE+sqoAOc71HmZ47aqieh2WujVB7jRrTY=", "utf8"=>"\342\234\223", "password"=>"[FILTERED]", "email"=>"chad.mckenna@gmail.com"}
  [1m[36mUser Load (0.5ms)[0m  [1mSELECT "users".* FROM "users" WHERE (email = 'chad.mckenna@gmail.com') LIMIT 1[0m
Redirected to http://localhost:3000/home/secret
Completed 302 Found in 187ms


Started GET "/home/secret" for 127.0.0.1 at Wed Oct 05 10:31:37 -0600 2011
  Processing by HomeController#secret as HTML
  [1m[35mUser Load (0.2ms)[0m  SELECT "users".* FROM "users" WHERE "users"."id" = 1 LIMIT 1
Rendered home/secret.html.haml within layouts/application (3.3ms)
Completed 200 OK in 20ms (Views: 11.1ms | ActiveRecord: 0.7ms)


Started GET "/home" for 127.0.0.1 at Wed Oct 05 10:31:42 -0600 2011
  Processing by HomeController#index as HTML
Rendered home/index.html.haml within layouts/application (4.1ms)
Completed 200 OK in 13ms (Views: 12.4ms | ActiveRecord: 0.0ms)


Started GET "/login" for 127.0.0.1 at Wed Oct 05 10:31:45 -0600 2011
  Processing by SessionsController#new as HTML
Rendered sessions/new.html.haml within layouts/application (6.9ms)
Completed 200 OK in 15ms (Views: 14.6ms | ActiveRecord: 0.0ms)


Started GET "/home/secret" for 127.0.0.1 at Wed Oct 05 10:31:53 -0600 2011
  Processing by HomeController#secret as HTML
  [1m[36mUser Load (0.2ms)[0m  [1mSELECT "users".* FROM "users" WHERE "users"."id" = 1 LIMIT 1[0m
Rendered home/secret.html.haml within layouts/application (3.6ms)
Completed 200 OK in 21ms (Views: 11.6ms | ActiveRecord: 0.2ms)


Started GET "/logout" for 127.0.0.1 at Wed Oct 05 10:31:55 -0600 2011
  Processing by SessionsController#destroy as HTML
  [1m[35mUser Load (0.2ms)[0m  SELECT "users".* FROM "users" WHERE "users"."id" = 1 LIMIT 1
Redirected to http://localhost:3000/
Completed 302 Found in 16ms


Started GET "/" for 127.0.0.1 at Wed Oct 05 10:31:55 -0600 2011
  Processing by HomeController#index as HTML
Rendered home/index.html.haml within layouts/application (3.9ms)
Completed 200 OK in 14ms (Views: 14.0ms | ActiveRecord: 0.2ms)


Started GET "/home/secret" for 127.0.0.1 at Wed Oct 05 10:32:03 -0600 2011
  Processing by HomeController#secret as HTML
Redirected to http://localhost:3000/login
Completed 302 Found in 1ms


Started GET "/login" for 127.0.0.1 at Wed Oct 05 10:32:04 -0600 2011
  Processing by SessionsController#new as HTML
Rendered sessions/new.html.haml within layouts/application (6.0ms)
Completed 200 OK in 14ms (Views: 13.9ms | ActiveRecord: 0.0ms)
DEPRECATION WARNING: config.action_view.debug_rjs will be removed in 3.1, from 3.1 onwards you will need to install prototype-rails to continue to use RJS templates . (called from /Users/cmckenna/Documents/EmployTown/EmployTown/config/environment.rb:5)
DEPRECATION WARNING: config.action_view.debug_rjs will be removed in 3.1, from 3.1 onwards you will need to install prototype-rails to continue to use RJS templates . (called from /Users/cmckenna/Documents/EmployTown/EmployTown/config/environment.rb:5)
DEPRECATION WARNING: config.action_view.debug_rjs will be removed in 3.1, from 3.1 onwards you will need to install prototype-rails to continue to use RJS templates . (called from /Users/cmckenna/Documents/EmployTown/EmployTown/config/environment.rb:5)
DEPRECATION WARNING: config.action_view.debug_rjs will be removed in 3.1, from 3.1 onwards you will need to install prototype-rails to continue to use RJS templates . (called from /Users/cmckenna/Documents/EmployTown/EmployTown/config/environment.rb:5)
DEPRECATION WARNING: config.action_view.debug_rjs will be removed in 3.1, from 3.1 onwards you will need to install prototype-rails to continue to use RJS templates . (called from /Users/cmckenna/Documents/EmployTown/EmployTown/config/environment.rb:5)
DEPRECATION WARNING: config.action_view.debug_rjs will be removed in 3.1, from 3.1 onwards you will need to install prototype-rails to continue to use RJS templates . (called from /Users/cmckenna/Documents/EmployTown/EmployTown/config/environment.rb:5)
DEPRECATION WARNING: config.action_view.debug_rjs will be removed in 3.1, from 3.1 onwards you will need to install prototype-rails to continue to use RJS templates . (called from /Users/cmckenna/Documents/EmployTown/EmployTown/config/environment.rb:5)
DEPRECATION WARNING: config.action_view.debug_rjs will be removed in 3.1, from 3.1 onwards you will need to install prototype-rails to continue to use RJS templates . (called from /Users/cmckenna/Documents/EmployTown/EmployTown/config/environment.rb:5)
  [1m[36mSQL (0.6ms)[0m  [1m SELECT name
 FROM sqlite_master
 WHERE type = 'table' AND NOT name = 'sqlite_sequence'
[0m
  [1m[35mSQL (0.2ms)[0m   SELECT name
 FROM sqlite_master
 WHERE type = 'table' AND NOT name = 'sqlite_sequence'
  [1m[36mSQL (0.2ms)[0m  [1mSELECT "schema_migrations"."version" FROM "schema_migrations"[0m
Migrating to SorceryCore (20111004201303)
Migrating to SorceryRememberMe (20111004201304)
Migrating to CreateRoles (20111005170015)
  [1m[35mSQL (0.1ms)[0m  select sqlite_version(*)
  [1m[36mSQL (0.5ms)[0m  [1mCREATE TABLE "roles" ("id" INTEGER PRIMARY KEY AUTOINCREMENT NOT NULL, "name" varchar(255) NOT NULL, "description" varchar(255), "users_count" integer DEFAULT 0, "created_at" datetime, "updated_at" datetime) [0m
  [1m[35mSQL (0.0ms)[0m  PRAGMA index_list("roles")
  [1m[36mSQL (0.4ms)[0m  [1mCREATE UNIQUE INDEX "index_roles_on_name" ON "roles" ("name")[0m
  [1m[35mSQL (0.1ms)[0m  INSERT INTO "schema_migrations" ("version") VALUES ('20111005170015')
  [1m[36mSQL (0.3ms)[0m  [1m SELECT name
 FROM sqlite_master
 WHERE type = 'table' AND NOT name = 'sqlite_sequence'
[0m
  [1m[35mSQL (0.1ms)[0m  SELECT "schema_migrations"."version" FROM "schema_migrations"
  [1m[36mSQL (0.1ms)[0m  [1m SELECT name
 FROM sqlite_master
 WHERE type = 'table' AND NOT name = 'sqlite_sequence'
[0m
  [1m[35mSQL (0.1ms)[0m  PRAGMA index_list("roles")
  [1m[36mSQL (0.1ms)[0m  [1mPRAGMA index_info('index_roles_on_name')[0m
  [1m[35mSQL (0.1ms)[0m  PRAGMA index_list("users")
  [1m[36mSQL (0.1ms)[0m  [1mPRAGMA index_info('index_users_on_remember_me_token')[0m


Started GET "/user" for 127.0.0.1 at Wed Oct 05 11:13:38 -0600 2011

ActionController::RoutingError (No route matches "/user"):
  

Rendered /Library/Ruby/Gems/1.8/gems/actionpack-3.0.9/lib/action_dispatch/middleware/templates/rescues/routing_error.erb within rescues/layout (0.9ms)


Started GET "/users" for 127.0.0.1 at Wed Oct 05 11:13:42 -0600 2011

AbstractController::ActionNotFound (The action 'index' could not be found for UsersController):
  

Rendered /Library/Ruby/Gems/1.8/gems/actionpack-3.0.9/lib/action_dispatch/middleware/templates/rescues/unknown_action.erb within rescues/layout (0.6ms)


Started GET "/user/1" for 127.0.0.1 at Wed Oct 05 11:13:49 -0600 2011

ActionController::RoutingError (No route matches "/user/1"):
  

Rendered /Library/Ruby/Gems/1.8/gems/actionpack-3.0.9/lib/action_dispatch/middleware/templates/rescues/routing_error.erb within rescues/layout (0.8ms)


Started GET "/users/1" for 127.0.0.1 at Wed Oct 05 11:13:53 -0600 2011

AbstractController::ActionNotFound (The action 'show' could not be found for UsersController):
  

Rendered /Library/Ruby/Gems/1.8/gems/actionpack-3.0.9/lib/action_dispatch/middleware/templates/rescues/unknown_action.erb within rescues/layout (0.6ms)
